# JRE version: OpenJDK Runtime Environment (8.0_152-b06) (build 1.8.0_152-release-1136-b06)
# Java VM: OpenJDK 64-Bit Server VM (25.152-b06 mixed mode linux-amd64 compressed oops)
Heap:
 PSYoungGen      total 254976K, used 15861K [0x00000000e0000000, 0x00000000f0900000, 0x0000000100000000)
  eden space 239104K, 0% used [0x00000000e0000000,0x00000000e0000000,0x00000000ee980000)
  from space 15872K, 99% used [0x00000000ee980000,0x00000000ef8fd510,0x00000000ef900000)
  to   space 13312K, 0% used [0x00000000ef900000,0x00000000ef900000,0x00000000f0600000)
 ParOldGen       total 45056K, used 38055K [0x00000000a0000000, 0x00000000a2c00000, 0x00000000e0000000)
  object space 45056K, 84% used [0x00000000a0000000,0x00000000a2529df8,0x00000000a2c00000)
 Metaspace       used 56848K, capacity 58894K, committed 59008K, reserved 1099776K
  class space    used 7874K, capacity 8475K, committed 8576K, reserved 1048576K
GC Heap History (10 events):
Event: 23.588 GC heap after
Heap after GC invocations=6 (full 1):
 PSYoungGen      total 66048K, used 0K [0x00000000e0000000, 0x00000000e9000000, 0x0000000100000000)
  eden space 63488K, 0% used [0x00000000e0000000,0x00000000e0000000,0x00000000e3e00000)
  from space 2560K, 0% used [0x00000000e3e00000,0x00000000e3e00000,0x00000000e4080000)
  to   space 10240K, 0% used [0x00000000e8600000,0x00000000e8600000,0x00000000e9000000)
 ParOldGen       total 35840K, used 10981K [0x00000000a0000000, 0x00000000a2300000, 0x00000000e0000000)
  object space 35840K, 30% used [0x00000000a0000000,0x00000000a0ab9760,0x00000000a2300000)
 Metaspace       used 20716K, capacity 21082K, committed 21248K, reserved 1067008K
  class space    used 2904K, capacity 3039K, committed 3072K, reserved 1048576K
}
Event: 27.415 GC heap before
{Heap before GC invocations=7 (full 1):
 PSYoungGen      total 66048K, used 63488K [0x00000000e0000000, 0x00000000e9000000, 0x0000000100000000)
  eden space 63488K, 100% used [0x00000000e0000000,0x00000000e3e00000,0x00000000e3e00000)
  from space 2560K, 0% used [0x00000000e3e00000,0x00000000e3e00000,0x00000000e4080000)
  to   space 10240K, 0% used [0x00000000e8600000,0x00000000e8600000,0x00000000e9000000)
 ParOldGen       total 35840K, used 10981K [0x00000000a0000000, 0x00000000a2300000, 0x00000000e0000000)
  object space 35840K, 30% used [0x00000000a0000000,0x00000000a0ab9760,0x00000000a2300000)
 Metaspace       used 26318K, capacity 26772K, committed 27136K, reserved 1073152K
  class space    used 3609K, capacity 3796K, committed 3840K, reserved 1048576K
Event: 27.915 GC heap after
Heap after GC invocations=7 (full 1):
 PSYoungGen      total 132096K, used 6684K [0x00000000e0000000, 0x00000000e8d80000, 0x0000000100000000)
  eden space 124416K, 0% used [0x00000000e0000000,0x00000000e0000000,0x00000000e7980000)
  from space 7680K, 87% used [0x00000000e8600000,0x00000000e8c873c8,0x00000000e8d80000)
  to   space 10240K, 0% used [0x00000000e7980000,0x00000000e7980000,0x00000000e8380000)
 ParOldGen       total 35840K, used 10989K [0x00000000a0000000, 0x00000000a2300000, 0x00000000e0000000)
  object space 35840K, 30% used [0x00000000a0000000,0x00000000a0abb760,0x00000000a2300000)
 Metaspace       used 26318K, capacity 26772K, committed 27136K, reserved 1073152K
  class space    used 3609K, capacity 3796K, committed 3840K, reserved 1048576K
}
Event: 42.682 GC heap before
{Heap before GC invocations=8 (full 1):
 PSYoungGen      total 132096K, used 106944K [0x00000000e0000000, 0x00000000e8d80000, 0x0000000100000000)
  eden space 124416K, 80% used [0x00000000e0000000,0x00000000e61e8f18,0x00000000e7980000)
  from space 7680K, 87% used [0x00000000e8600000,0x00000000e8c873c8,0x00000000e8d80000)
  to   space 10240K, 0% used [0x00000000e7980000,0x00000000e7980000,0x00000000e8380000)
 ParOldGen       total 35840K, used 10989K [0x00000000a0000000, 0x00000000a2300000, 0x00000000e0000000)
  object space 35840K, 30% used [0x00000000a0000000,0x00000000a0abb760,0x00000000a2300000)
 Metaspace       used 34507K, capacity 35228K, committed 35416K, reserved 1079296K
  class space    used 4788K, capacity 5060K, committed 5120K, reserved 1048576K
Event: 42.696 GC heap after
Heap after GC invocations=8 (full 1):
 PSYoungGen      total 134656K, used 10218K [0x00000000e0000000, 0x00000000f0600000, 0x0000000100000000)
  eden space 124416K, 0% used [0x00000000e0000000,0x00000000e0000000,0x00000000e7980000)
  from space 10240K, 99% used [0x00000000e7980000,0x00000000e837a880,0x00000000e8380000)
  to   space 13312K, 0% used [0x00000000ef900000,0x00000000ef900000,0x00000000f0600000)
 ParOldGen       total 35840K, used 13620K [0x00000000a0000000, 0x00000000a2300000, 0x00000000e0000000)
  object space 35840K, 38% used [0x00000000a0000000,0x00000000a0d4d038,0x00000000a2300000)
 Metaspace       used 34507K, capacity 35228K, committed 35416K, reserved 1079296K
  class space    used 4788K, capacity 5060K, committed 5120K, reserved 1048576K
}
Event: 42.696 GC heap before
{Heap before GC invocations=9 (full 2):
 PSYoungGen      total 134656K, used 10218K [0x00000000e0000000, 0x00000000f0600000, 0x0000000100000000)
  eden space 124416K, 0% used [0x00000000e0000000,0x00000000e0000000,0x00000000e7980000)
  from space 10240K, 99% used [0x00000000e7980000,0x00000000e837a880,0x00000000e8380000)
  to   space 13312K, 0% used [0x00000000ef900000,0x00000000ef900000,0x00000000f0600000)
 ParOldGen       total 35840K, used 13620K [0x00000000a0000000, 0x00000000a2300000, 0x00000000e0000000)
  object space 35840K, 38% used [0x00000000a0000000,0x00000000a0d4d038,0x00000000a2300000)
 Metaspace       used 34507K, capacity 35228K, committed 35416K, reserved 1079296K
  class space    used 4788K, capacity 5060K, committed 5120K, reserved 1048576K
Event: 42.854 GC heap after
Heap after GC invocations=9 (full 2):
 PSYoungGen      total 134656K, used 0K [0x00000000e0000000, 0x00000000f0600000, 0x0000000100000000)
  eden space 124416K, 0% used [0x00000000e0000000,0x00000000e0000000,0x00000000e7980000)
  from space 10240K, 0% used [0x00000000e7980000,0x00000000e7980000,0x00000000e8380000)
  to   space 13312K, 0% used [0x00000000ef900000,0x00000000ef900000,0x00000000f0600000)
 ParOldGen       total 45056K, used 19238K [0x00000000a0000000, 0x00000000a2c00000, 0x00000000e0000000)
  object space 45056K, 42% used [0x00000000a0000000,0x00000000a12c9988,0x00000000a2c00000)
 Metaspace       used 34507K, capacity 35228K, committed 35416K, reserved 1079296K
  class space    used 4788K, capacity 5060K, committed 5120K, reserved 1048576K
}
Event: 52.040 GC heap before
{Heap before GC invocations=10 (full 2):
 PSYoungGen      total 134656K, used 124416K [0x00000000e0000000, 0x00000000f0600000, 0x0000000100000000)
  eden space 124416K, 100% used [0x00000000e0000000,0x00000000e7980000,0x00000000e7980000)
  from space 10240K, 0% used [0x00000000e7980000,0x00000000e7980000,0x00000000e8380000)
  to   space 13312K, 0% used [0x00000000ef900000,0x00000000ef900000,0x00000000f0600000)
 ParOldGen       total 45056K, used 19238K [0x00000000a0000000, 0x00000000a2c00000, 0x00000000e0000000)
  object space 45056K, 42% used [0x00000000a0000000,0x00000000a12c9988,0x00000000a2c00000)
 Metaspace       used 41788K, capacity 42738K, committed 43136K, reserved 1087488K
  class space    used 5651K, capacity 5962K, committed 6016K, reserved 1048576K
Event: 52.705 GC heap after
Heap after GC invocations=10 (full 2):
 PSYoungGen      total 252416K, used 13304K [0x00000000e0000000, 0x00000000f0900000, 0x0000000100000000)
  eden space 239104K, 0% used [0x00000000e0000000,0x00000000e0000000,0x00000000ee980000)
  from space 13312K, 99% used [0x00000000ef900000,0x00000000f05fe0d0,0x00000000f0600000)
  to   space 15872K, 0% used [0x00000000ee980000,0x00000000ee980000,0x00000000ef900000)
 ParOldGen       total 45056K, used 20414K [0x00000000a0000000, 0x00000000a2c00000, 0x00000000e0000000)
  object space 45056K, 45% used [0x00000000a0000000,0x00000000a13ef908,0x00000000a2c00000)
 Metaspace       used 41788K, capacity 42738K, committed 43136K, reserved 1087488K
  class space    used 5651K, capacity 5962K, committed 6016K, reserved 1048576K
}
Event: 91.755 GC heap before
{Heap before GC invocations=11 (full 2):
 PSYoungGen      total 252416K, used 234194K [0x00000000e0000000, 0x00000000f0900000, 0x0000000100000000)
  eden space 239104K, 92% used [0x00000000e0000000,0x00000000ed7b67c8,0x00000000ee980000)
  from space 13312K, 99% used [0x00000000ef900000,0x00000000f05fe0d0,0x00000000f0600000)
  to   space 15872K, 0% used [0x00000000ee980000,0x00000000ee980000,0x00000000ef900000)
 ParOldGen       total 45056K, used 20414K [0x00000000a0000000, 0x00000000a2c00000, 0x00000000e0000000)
  object space 45056K, 45% used [0x00000000a0000000,0x00000000a13ef908,0x00000000a2c00000)
 Metaspace       used 56848K, capacity 58894K, committed 59008K, reserved 1099776K
  class space    used 7874K, capacity 8475K, committed 8576K, reserved 1048576K

